2023-05-20 13:19:08.134  INFO 14800 --- [restartedMain] com.pky.Application                      : Starting Application using Java 15.0.2 on DESKTOP-GR23A35 with PID 14800 (E:\Prakash_workspace\ProjectByAshok\07-Sb-User-Managenent-Web-App\target\classes started by Prabhat in E:\Prakash_workspace\ProjectByAshok\07-Sb-User-Managenent-Web-App)
2023-05-20 13:19:08.138  INFO 14800 --- [restartedMain] com.pky.Application                      : No active profile set, falling back to 1 default profile: "default"
2023-05-20 13:19:08.222  INFO 14800 --- [restartedMain] .e.DevToolsPropertyDefaultsPostProcessor : Devtools property defaults active! Set 'spring.devtools.add-properties' to 'false' to disable
2023-05-20 13:19:08.223  INFO 14800 --- [restartedMain] .e.DevToolsPropertyDefaultsPostProcessor : For additional web related logging consider setting the 'logging.level.web' property to 'DEBUG'
2023-05-20 13:19:09.237  INFO 14800 --- [restartedMain] .s.d.r.c.RepositoryConfigurationDelegate : Bootstrapping Spring Data JPA repositories in DEFAULT mode.
2023-05-20 13:19:09.353  INFO 14800 --- [restartedMain] .s.d.r.c.RepositoryConfigurationDelegate : Finished Spring Data repository scanning in 101 ms. Found 4 JPA repository interfaces.
2023-05-20 13:19:10.364  INFO 14800 --- [restartedMain] o.s.b.w.embedded.tomcat.TomcatWebServer  : Tomcat initialized with port(s): 9080 (http)
2023-05-20 13:19:10.366  INFO 14800 --- [restartedMain] o.a.catalina.core.AprLifecycleListener   : Loaded Apache Tomcat Native library [1.2.35] using APR version [1.7.0].
2023-05-20 13:19:10.366  INFO 14800 --- [restartedMain] o.a.catalina.core.AprLifecycleListener   : APR capabilities: IPv6 [true], sendfile [true], accept filters [false], random [true], UDS [true].
2023-05-20 13:19:10.367  INFO 14800 --- [restartedMain] o.a.catalina.core.AprLifecycleListener   : APR/OpenSSL configuration: useAprConnector [false], useOpenSSL [true]
2023-05-20 13:19:10.371  INFO 14800 --- [restartedMain] o.a.catalina.core.AprLifecycleListener   : OpenSSL successfully initialized [OpenSSL 1.1.1q  5 Jul 2022]
2023-05-20 13:19:10.381  INFO 14800 --- [restartedMain] o.apache.catalina.core.StandardService   : Starting service [Tomcat]
2023-05-20 13:19:10.382  INFO 14800 --- [restartedMain] org.apache.catalina.core.StandardEngine  : Starting Servlet engine: [Apache Tomcat/9.0.74]
2023-05-20 13:19:10.736  INFO 14800 --- [restartedMain] org.apache.jasper.servlet.TldScanner     : At least one JAR was scanned for TLDs yet contained no TLDs. Enable debug logging for this logger for a complete list of JARs that were scanned but no TLDs were found in them. Skipping unneeded JARs during scanning can improve startup time and JSP compilation time.
2023-05-20 13:19:10.753  INFO 14800 --- [restartedMain] o.a.c.c.C.[.[.[/UserManagement]          : Initializing Spring embedded WebApplicationContext
2023-05-20 13:19:10.754  INFO 14800 --- [restartedMain] w.s.c.ServletWebServerApplicationContext : Root WebApplicationContext: initialization completed in 2529 ms
2023-05-20 13:19:10.806  INFO 14800 --- [restartedMain] com.zaxxer.hikari.HikariDataSource       : HikariPool-1 - Starting...
2023-05-20 13:19:11.148  INFO 14800 --- [restartedMain] com.zaxxer.hikari.HikariDataSource       : HikariPool-1 - Start completed.
2023-05-20 13:19:11.172  INFO 14800 --- [restartedMain] o.s.b.a.h2.H2ConsoleAutoConfiguration    : H2 console available at '/h2-console'. Database available at 'jdbc:h2:mem:testdb'
2023-05-20 13:19:11.459  INFO 14800 --- [restartedMain] o.hibernate.jpa.internal.util.LogHelper  : HHH000204: Processing PersistenceUnitInfo [name: default]
2023-05-20 13:19:11.558  INFO 14800 --- [restartedMain] org.hibernate.Version                    : HHH000412: Hibernate ORM core version 5.6.15.Final
2023-05-20 13:19:11.853  INFO 14800 --- [restartedMain] o.hibernate.annotations.common.Version   : HCANN000001: Hibernate Commons Annotations {5.1.2.Final}
2023-05-20 13:19:12.033  INFO 14800 --- [restartedMain] org.hibernate.dialect.Dialect            : HHH000400: Using dialect: org.hibernate.dialect.H2Dialect
2023-05-20 13:19:12.912  INFO 14800 --- [restartedMain] o.h.e.t.j.p.i.JtaPlatformInitiator       : HHH000490: Using JtaPlatform implementation: [org.hibernate.engine.transaction.jta.platform.internal.NoJtaPlatform]
2023-05-20 13:19:12.929  INFO 14800 --- [restartedMain] j.LocalContainerEntityManagerFactoryBean : Initialized JPA EntityManagerFactory for persistence unit 'default'
2023-05-20 13:19:13.598  WARN 14800 --- [restartedMain] JpaBaseConfiguration$JpaWebConfiguration : spring.jpa.open-in-view is enabled by default. Therefore, database queries may be performed during view rendering. Explicitly configure spring.jpa.open-in-view to disable this warning
2023-05-20 13:19:13.831  INFO 14800 --- [restartedMain] o.s.b.a.w.s.WelcomePageHandlerMapping    : Adding welcome page template: index
2023-05-20 13:19:14.098  INFO 14800 --- [restartedMain] o.s.b.d.a.OptionalLiveReloadServer       : LiveReload server is running on port 35729
2023-05-20 13:19:14.185  INFO 14800 --- [restartedMain] o.s.b.w.embedded.tomcat.TomcatWebServer  : Tomcat started on port(s): 9080 (http) with context path '/UserManagement'
2023-05-20 13:19:14.208  INFO 14800 --- [restartedMain] com.pky.Application                      : Started Application in 6.639 seconds (JVM running for 8.326)
2023-05-20 15:44:51.147  INFO 14800 --- [File Watcher] rtingClassPathChangeChangedEventListener : Restarting due to 1 class path change (0 additions, 0 deletions, 1 modification)
2023-05-20 15:44:51.236  INFO 14800 --- [Thread-6] o.apache.catalina.core.StandardService   : Stopping service [Tomcat]
2023-05-20 15:44:51.259  INFO 14800 --- [Thread-6] j.LocalContainerEntityManagerFactoryBean : Closing JPA EntityManagerFactory for persistence unit 'default'
2023-05-20 15:44:51.260  INFO 14800 --- [Thread-6] .SchemaDropperImpl$DelayedDropActionImpl : HHH000477: Starting delayed evictData of schema as part of SessionFactory shut-down'
2023-05-20 15:44:51.480  WARN 14800 --- [Thread-6] o.s.b.f.support.DisposableBeanAdapter    : Invocation of destroy method failed on bean with name 'inMemoryDatabaseShutdownExecutor': org.h2.jdbc.JdbcSQLNonTransientConnectionException: Database is already closed (to disable automatic closing at VM shutdown, add ";DB_CLOSE_ON_EXIT=FALSE" to the db URL) [90121-214]
2023-05-20 15:44:51.481  INFO 14800 --- [Thread-6] com.zaxxer.hikari.HikariDataSource       : HikariPool-1 - Shutdown initiated...
2023-05-20 15:44:51.487  INFO 14800 --- [Thread-6] com.zaxxer.hikari.HikariDataSource       : HikariPool-1 - Shutdown completed.
2023-05-20 15:44:51.767  INFO 14800 --- [restartedMain] com.pky.Application                      : Starting Application using Java 15.0.2 on DESKTOP-GR23A35 with PID 14800 (E:\Prakash_workspace\ProjectByAshok\07-Sb-User-Managenent-Web-App\target\classes started by Prabhat in E:\Prakash_workspace\ProjectByAshok\07-Sb-User-Managenent-Web-App)
2023-05-20 15:44:51.768  INFO 14800 --- [restartedMain] com.pky.Application                      : No active profile set, falling back to 1 default profile: "default"
2023-05-20 15:44:52.254  INFO 14800 --- [restartedMain] .s.d.r.c.RepositoryConfigurationDelegate : Bootstrapping Spring Data JPA repositories in DEFAULT mode.
2023-05-20 15:44:52.285  INFO 14800 --- [restartedMain] .s.d.r.c.RepositoryConfigurationDelegate : Finished Spring Data repository scanning in 30 ms. Found 4 JPA repository interfaces.
2023-05-20 15:44:52.514  INFO 14800 --- [restartedMain] o.s.b.w.embedded.tomcat.TomcatWebServer  : Tomcat initialized with port(s): 9080 (http)
2023-05-20 15:44:52.514  INFO 14800 --- [restartedMain] o.a.catalina.core.AprLifecycleListener   : Loaded Apache Tomcat Native library [1.2.35] using APR version [1.7.0].
2023-05-20 15:44:52.514  INFO 14800 --- [restartedMain] o.a.catalina.core.AprLifecycleListener   : APR capabilities: IPv6 [true], sendfile [true], accept filters [false], random [true], UDS [true].
2023-05-20 15:44:52.515  INFO 14800 --- [restartedMain] o.a.catalina.core.AprLifecycleListener   : APR/OpenSSL configuration: useAprConnector [false], useOpenSSL [true]
2023-05-20 15:44:52.515  INFO 14800 --- [restartedMain] o.a.catalina.core.AprLifecycleListener   : OpenSSL successfully initialized [OpenSSL 1.1.1q  5 Jul 2022]
2023-05-20 15:44:52.517  INFO 14800 --- [restartedMain] o.apache.catalina.core.StandardService   : Starting service [Tomcat]
2023-05-20 15:44:52.517  INFO 14800 --- [restartedMain] org.apache.catalina.core.StandardEngine  : Starting Servlet engine: [Apache Tomcat/9.0.74]
2023-05-20 15:44:52.638  INFO 14800 --- [restartedMain] org.apache.jasper.servlet.TldScanner     : At least one JAR was scanned for TLDs yet contained no TLDs. Enable debug logging for this logger for a complete list of JARs that were scanned but no TLDs were found in them. Skipping unneeded JARs during scanning can improve startup time and JSP compilation time.
2023-05-20 15:44:52.642  INFO 14800 --- [restartedMain] o.a.c.c.C.[.[.[/UserManagement]          : Initializing Spring embedded WebApplicationContext
2023-05-20 15:44:52.642  INFO 14800 --- [restartedMain] w.s.c.ServletWebServerApplicationContext : Root WebApplicationContext: initialization completed in 861 ms
2023-05-20 15:44:52.673  INFO 14800 --- [restartedMain] com.zaxxer.hikari.HikariDataSource       : HikariPool-2 - Starting...
2023-05-20 15:44:52.683  INFO 14800 --- [restartedMain] com.zaxxer.hikari.HikariDataSource       : HikariPool-2 - Start completed.
2023-05-20 15:44:52.683  INFO 14800 --- [restartedMain] o.s.b.a.h2.H2ConsoleAutoConfiguration    : H2 console available at '/h2-console'. Database available at 'jdbc:h2:mem:testdb'
2023-05-20 15:44:52.750  INFO 14800 --- [restartedMain] o.hibernate.jpa.internal.util.LogHelper  : HHH000204: Processing PersistenceUnitInfo [name: default]
2023-05-20 15:44:52.762  INFO 14800 --- [restartedMain] org.hibernate.dialect.Dialect            : HHH000400: Using dialect: org.hibernate.dialect.H2Dialect
2023-05-20 15:44:52.964  INFO 14800 --- [restartedMain] o.h.e.t.j.p.i.JtaPlatformInitiator       : HHH000490: Using JtaPlatform implementation: [org.hibernate.engine.transaction.jta.platform.internal.NoJtaPlatform]
2023-05-20 15:44:52.965  INFO 14800 --- [restartedMain] j.LocalContainerEntityManagerFactoryBean : Initialized JPA EntityManagerFactory for persistence unit 'default'
2023-05-20 15:44:53.259  WARN 14800 --- [restartedMain] JpaBaseConfiguration$JpaWebConfiguration : spring.jpa.open-in-view is enabled by default. Therefore, database queries may be performed during view rendering. Explicitly configure spring.jpa.open-in-view to disable this warning
2023-05-20 15:44:53.354  INFO 14800 --- [restartedMain] o.s.b.a.w.s.WelcomePageHandlerMapping    : Adding welcome page template: index
2023-05-20 15:44:53.505  INFO 14800 --- [restartedMain] o.s.b.d.a.OptionalLiveReloadServer       : LiveReload server is running on port 35729
2023-05-20 15:44:53.538  INFO 14800 --- [restartedMain] o.s.b.w.embedded.tomcat.TomcatWebServer  : Tomcat started on port(s): 9080 (http) with context path '/UserManagement'
2023-05-20 15:44:53.549  INFO 14800 --- [restartedMain] com.pky.Application                      : Started Application in 1.938 seconds (JVM running for 8747.667)
2023-05-20 15:44:53.551  INFO 14800 --- [restartedMain] .ConditionEvaluationDeltaLoggingListener : Condition evaluation unchanged
2023-05-20 15:54:41.292  INFO 14800 --- [File Watcher] rtingClassPathChangeChangedEventListener : Restarting due to 1 class path change (0 additions, 0 deletions, 1 modification)
2023-05-20 15:54:41.487  INFO 14800 --- [Thread-8] o.apache.catalina.core.StandardService   : Stopping service [Tomcat]
2023-05-20 15:54:41.528  INFO 14800 --- [Thread-8] j.LocalContainerEntityManagerFactoryBean : Closing JPA EntityManagerFactory for persistence unit 'default'
2023-05-20 15:54:41.530  INFO 14800 --- [Thread-8] .SchemaDropperImpl$DelayedDropActionImpl : HHH000477: Starting delayed evictData of schema as part of SessionFactory shut-down'
2023-05-20 15:54:41.814  WARN 14800 --- [Thread-8] o.s.b.f.support.DisposableBeanAdapter    : Invocation of destroy method failed on bean with name 'inMemoryDatabaseShutdownExecutor': org.h2.jdbc.JdbcSQLNonTransientConnectionException: Database is already closed (to disable automatic closing at VM shutdown, add ";DB_CLOSE_ON_EXIT=FALSE" to the db URL) [90121-214]
2023-05-20 15:54:41.817  INFO 14800 --- [Thread-8] com.zaxxer.hikari.HikariDataSource       : HikariPool-2 - Shutdown initiated...
2023-05-20 15:54:41.821  INFO 14800 --- [Thread-8] com.zaxxer.hikari.HikariDataSource       : HikariPool-2 - Shutdown completed.
2023-05-20 15:54:42.056  INFO 14800 --- [restartedMain] com.pky.Application                      : Starting Application using Java 15.0.2 on DESKTOP-GR23A35 with PID 14800 (E:\Prakash_workspace\ProjectByAshok\07-Sb-User-Managenent-Web-App\target\classes started by Prabhat in E:\Prakash_workspace\ProjectByAshok\07-Sb-User-Managenent-Web-App)
2023-05-20 15:54:42.058  INFO 14800 --- [restartedMain] com.pky.Application                      : No active profile set, falling back to 1 default profile: "default"
2023-05-20 15:54:42.443  INFO 14800 --- [restartedMain] .s.d.r.c.RepositoryConfigurationDelegate : Bootstrapping Spring Data JPA repositories in DEFAULT mode.
2023-05-20 15:54:42.475  INFO 14800 --- [restartedMain] .s.d.r.c.RepositoryConfigurationDelegate : Finished Spring Data repository scanning in 31 ms. Found 4 JPA repository interfaces.
2023-05-20 15:54:42.716  INFO 14800 --- [restartedMain] o.s.b.w.embedded.tomcat.TomcatWebServer  : Tomcat initialized with port(s): 9080 (http)
2023-05-20 15:54:42.717  INFO 14800 --- [restartedMain] o.a.catalina.core.AprLifecycleListener   : Loaded Apache Tomcat Native library [1.2.35] using APR version [1.7.0].
2023-05-20 15:54:42.718  INFO 14800 --- [restartedMain] o.a.catalina.core.AprLifecycleListener   : APR capabilities: IPv6 [true], sendfile [true], accept filters [false], random [true], UDS [true].
2023-05-20 15:54:42.718  INFO 14800 --- [restartedMain] o.a.catalina.core.AprLifecycleListener   : APR/OpenSSL configuration: useAprConnector [false], useOpenSSL [true]
2023-05-20 15:54:42.718  INFO 14800 --- [restartedMain] o.a.catalina.core.AprLifecycleListener   : OpenSSL successfully initialized [OpenSSL 1.1.1q  5 Jul 2022]
2023-05-20 15:54:42.720  INFO 14800 --- [restartedMain] o.apache.catalina.core.StandardService   : Starting service [Tomcat]
2023-05-20 15:54:42.720  INFO 14800 --- [restartedMain] org.apache.catalina.core.StandardEngine  : Starting Servlet engine: [Apache Tomcat/9.0.74]
2023-05-20 15:54:42.900  INFO 14800 --- [restartedMain] org.apache.jasper.servlet.TldScanner     : At least one JAR was scanned for TLDs yet contained no TLDs. Enable debug logging for this logger for a complete list of JARs that were scanned but no TLDs were found in them. Skipping unneeded JARs during scanning can improve startup time and JSP compilation time.
2023-05-20 15:54:42.905  INFO 14800 --- [restartedMain] o.a.c.c.C.[.[.[/UserManagement]          : Initializing Spring embedded WebApplicationContext
2023-05-20 15:54:42.906  INFO 14800 --- [restartedMain] w.s.c.ServletWebServerApplicationContext : Root WebApplicationContext: initialization completed in 842 ms
2023-05-20 15:54:42.940  INFO 14800 --- [restartedMain] com.zaxxer.hikari.HikariDataSource       : HikariPool-3 - Starting...
2023-05-20 15:54:42.944  INFO 14800 --- [restartedMain] com.zaxxer.hikari.HikariDataSource       : HikariPool-3 - Start completed.
2023-05-20 15:54:42.945  INFO 14800 --- [restartedMain] o.s.b.a.h2.H2ConsoleAutoConfiguration    : H2 console available at '/h2-console'. Database available at 'jdbc:h2:mem:testdb'
2023-05-20 15:54:42.984  INFO 14800 --- [restartedMain] o.hibernate.jpa.internal.util.LogHelper  : HHH000204: Processing PersistenceUnitInfo [name: default]
2023-05-20 15:54:42.995  INFO 14800 --- [restartedMain] org.hibernate.dialect.Dialect            : HHH000400: Using dialect: org.hibernate.dialect.H2Dialect
2023-05-20 15:54:43.114  INFO 14800 --- [restartedMain] o.h.e.t.j.p.i.JtaPlatformInitiator       : HHH000490: Using JtaPlatform implementation: [org.hibernate.engine.transaction.jta.platform.internal.NoJtaPlatform]
2023-05-20 15:54:43.115  INFO 14800 --- [restartedMain] j.LocalContainerEntityManagerFactoryBean : Initialized JPA EntityManagerFactory for persistence unit 'default'
2023-05-20 15:54:43.315  WARN 14800 --- [restartedMain] JpaBaseConfiguration$JpaWebConfiguration : spring.jpa.open-in-view is enabled by default. Therefore, database queries may be performed during view rendering. Explicitly configure spring.jpa.open-in-view to disable this warning
2023-05-20 15:54:43.534  INFO 14800 --- [restartedMain] o.s.b.a.w.s.WelcomePageHandlerMapping    : Adding welcome page template: index
2023-05-20 15:54:43.649  INFO 14800 --- [restartedMain] o.s.b.d.a.OptionalLiveReloadServer       : LiveReload server is running on port 35729
2023-05-20 15:54:43.671  INFO 14800 --- [restartedMain] o.s.b.w.embedded.tomcat.TomcatWebServer  : Tomcat started on port(s): 9080 (http) with context path '/UserManagement'
2023-05-20 15:54:43.680  INFO 14800 --- [restartedMain] com.pky.Application                      : Started Application in 1.721 seconds (JVM running for 9337.799)
2023-05-20 15:54:43.682  INFO 14800 --- [restartedMain] .ConditionEvaluationDeltaLoggingListener : Condition evaluation unchanged
2023-05-20 16:10:35.315  INFO 14800 --- [File Watcher] rtingClassPathChangeChangedEventListener : Restarting due to 1 class path change (0 additions, 0 deletions, 1 modification)
2023-05-20 16:10:35.337  INFO 14800 --- [Thread-12] o.apache.catalina.core.StandardService   : Stopping service [Tomcat]
2023-05-20 16:10:35.345  INFO 14800 --- [Thread-12] j.LocalContainerEntityManagerFactoryBean : Closing JPA EntityManagerFactory for persistence unit 'default'
2023-05-20 16:10:35.345  INFO 14800 --- [Thread-12] .SchemaDropperImpl$DelayedDropActionImpl : HHH000477: Starting delayed evictData of schema as part of SessionFactory shut-down'
2023-05-20 16:10:35.549  WARN 14800 --- [Thread-12] o.s.b.f.support.DisposableBeanAdapter    : Invocation of destroy method failed on bean with name 'inMemoryDatabaseShutdownExecutor': org.h2.jdbc.JdbcSQLNonTransientConnectionException: Database is already closed (to disable automatic closing at VM shutdown, add ";DB_CLOSE_ON_EXIT=FALSE" to the db URL) [90121-214]
2023-05-20 16:10:35.551  INFO 14800 --- [Thread-12] com.zaxxer.hikari.HikariDataSource       : HikariPool-3 - Shutdown initiated...
2023-05-20 16:10:35.554  INFO 14800 --- [Thread-12] com.zaxxer.hikari.HikariDataSource       : HikariPool-3 - Shutdown completed.
2023-05-20 16:10:35.795  INFO 14800 --- [restartedMain] com.pky.Application                      : Starting Application using Java 15.0.2 on DESKTOP-GR23A35 with PID 14800 (E:\Prakash_workspace\ProjectByAshok\07-Sb-User-Managenent-Web-App\target\classes started by Prabhat in E:\Prakash_workspace\ProjectByAshok\07-Sb-User-Managenent-Web-App)
2023-05-20 16:10:35.795  INFO 14800 --- [restartedMain] com.pky.Application                      : No active profile set, falling back to 1 default profile: "default"
2023-05-20 16:10:36.080  INFO 14800 --- [restartedMain] .s.d.r.c.RepositoryConfigurationDelegate : Bootstrapping Spring Data JPA repositories in DEFAULT mode.
2023-05-20 16:10:36.116  INFO 14800 --- [restartedMain] .s.d.r.c.RepositoryConfigurationDelegate : Finished Spring Data repository scanning in 35 ms. Found 4 JPA repository interfaces.
2023-05-20 16:10:36.282  INFO 14800 --- [restartedMain] o.s.b.w.embedded.tomcat.TomcatWebServer  : Tomcat initialized with port(s): 9080 (http)
2023-05-20 16:10:36.282  INFO 14800 --- [restartedMain] o.a.catalina.core.AprLifecycleListener   : Loaded Apache Tomcat Native library [1.2.35] using APR version [1.7.0].
2023-05-20 16:10:36.282  INFO 14800 --- [restartedMain] o.a.catalina.core.AprLifecycleListener   : APR capabilities: IPv6 [true], sendfile [true], accept filters [false], random [true], UDS [true].
2023-05-20 16:10:36.283  INFO 14800 --- [restartedMain] o.a.catalina.core.AprLifecycleListener   : APR/OpenSSL configuration: useAprConnector [false], useOpenSSL [true]
2023-05-20 16:10:36.283  INFO 14800 --- [restartedMain] o.a.catalina.core.AprLifecycleListener   : OpenSSL successfully initialized [OpenSSL 1.1.1q  5 Jul 2022]
2023-05-20 16:10:36.284  INFO 14800 --- [restartedMain] o.apache.catalina.core.StandardService   : Starting service [Tomcat]
2023-05-20 16:10:36.284  INFO 14800 --- [restartedMain] org.apache.catalina.core.StandardEngine  : Starting Servlet engine: [Apache Tomcat/9.0.74]
2023-05-20 16:10:36.466  INFO 14800 --- [restartedMain] org.apache.jasper.servlet.TldScanner     : At least one JAR was scanned for TLDs yet contained no TLDs. Enable debug logging for this logger for a complete list of JARs that were scanned but no TLDs were found in them. Skipping unneeded JARs during scanning can improve startup time and JSP compilation time.
2023-05-20 16:10:36.475  INFO 14800 --- [restartedMain] o.a.c.c.C.[.[.[/UserManagement]          : Initializing Spring embedded WebApplicationContext
2023-05-20 16:10:36.476  INFO 14800 --- [restartedMain] w.s.c.ServletWebServerApplicationContext : Root WebApplicationContext: initialization completed in 676 ms
2023-05-20 16:10:36.509  INFO 14800 --- [restartedMain] com.zaxxer.hikari.HikariDataSource       : HikariPool-4 - Starting...
2023-05-20 16:10:36.513  INFO 14800 --- [restartedMain] com.zaxxer.hikari.HikariDataSource       : HikariPool-4 - Start completed.
2023-05-20 16:10:36.513  INFO 14800 --- [restartedMain] o.s.b.a.h2.H2ConsoleAutoConfiguration    : H2 console available at '/h2-console'. Database available at 'jdbc:h2:mem:testdb'
2023-05-20 16:10:36.552  INFO 14800 --- [restartedMain] o.hibernate.jpa.internal.util.LogHelper  : HHH000204: Processing PersistenceUnitInfo [name: default]
2023-05-20 16:10:36.559  INFO 14800 --- [restartedMain] org.hibernate.dialect.Dialect            : HHH000400: Using dialect: org.hibernate.dialect.H2Dialect
2023-05-20 16:10:36.646  INFO 14800 --- [restartedMain] o.h.e.t.j.p.i.JtaPlatformInitiator       : HHH000490: Using JtaPlatform implementation: [org.hibernate.engine.transaction.jta.platform.internal.NoJtaPlatform]
2023-05-20 16:10:36.646  INFO 14800 --- [restartedMain] j.LocalContainerEntityManagerFactoryBean : Initialized JPA EntityManagerFactory for persistence unit 'default'
2023-05-20 16:10:36.895  WARN 14800 --- [restartedMain] JpaBaseConfiguration$JpaWebConfiguration : spring.jpa.open-in-view is enabled by default. Therefore, database queries may be performed during view rendering. Explicitly configure spring.jpa.open-in-view to disable this warning
2023-05-20 16:10:36.962  INFO 14800 --- [restartedMain] o.s.b.a.w.s.WelcomePageHandlerMapping    : Adding welcome page template: index
2023-05-20 16:10:37.058  INFO 14800 --- [restartedMain] o.s.b.d.a.OptionalLiveReloadServer       : LiveReload server is running on port 35729
2023-05-20 16:10:37.085  INFO 14800 --- [restartedMain] o.s.b.w.embedded.tomcat.TomcatWebServer  : Tomcat started on port(s): 9080 (http) with context path '/UserManagement'
2023-05-20 16:10:37.096  INFO 14800 --- [restartedMain] com.pky.Application                      : Started Application in 1.369 seconds (JVM running for 10291.215)
2023-05-20 16:10:37.099  INFO 14800 --- [restartedMain] .ConditionEvaluationDeltaLoggingListener : Condition evaluation unchanged
2023-05-20 16:15:20.327  INFO 14800 --- [File Watcher] rtingClassPathChangeChangedEventListener : Restarting due to 1 class path change (0 additions, 0 deletions, 1 modification)
2023-05-20 16:15:20.356  INFO 14800 --- [Thread-16] o.apache.catalina.core.StandardService   : Stopping service [Tomcat]
2023-05-20 16:15:20.365  INFO 14800 --- [Thread-16] j.LocalContainerEntityManagerFactoryBean : Closing JPA EntityManagerFactory for persistence unit 'default'
2023-05-20 16:15:20.366  INFO 14800 --- [Thread-16] .SchemaDropperImpl$DelayedDropActionImpl : HHH000477: Starting delayed evictData of schema as part of SessionFactory shut-down'
2023-05-20 16:15:20.573  WARN 14800 --- [Thread-16] o.s.b.f.support.DisposableBeanAdapter    : Invocation of destroy method failed on bean with name 'inMemoryDatabaseShutdownExecutor': org.h2.jdbc.JdbcSQLNonTransientConnectionException: Database is already closed (to disable automatic closing at VM shutdown, add ";DB_CLOSE_ON_EXIT=FALSE" to the db URL) [90121-214]
2023-05-20 16:15:20.574  INFO 14800 --- [Thread-16] com.zaxxer.hikari.HikariDataSource       : HikariPool-4 - Shutdown initiated...
2023-05-20 16:15:20.575  INFO 14800 --- [Thread-16] com.zaxxer.hikari.HikariDataSource       : HikariPool-4 - Shutdown completed.
2023-05-20 16:15:20.764  INFO 14800 --- [restartedMain] com.pky.Application                      : Starting Application using Java 15.0.2 on DESKTOP-GR23A35 with PID 14800 (E:\Prakash_workspace\ProjectByAshok\07-Sb-User-Managenent-Web-App\target\classes started by Prabhat in E:\Prakash_workspace\ProjectByAshok\07-Sb-User-Managenent-Web-App)
2023-05-20 16:15:20.765  INFO 14800 --- [restartedMain] com.pky.Application                      : No active profile set, falling back to 1 default profile: "default"
2023-05-20 16:15:21.042  INFO 14800 --- [restartedMain] .s.d.r.c.RepositoryConfigurationDelegate : Bootstrapping Spring Data JPA repositories in DEFAULT mode.
2023-05-20 16:15:21.080  INFO 14800 --- [restartedMain] .s.d.r.c.RepositoryConfigurationDelegate : Finished Spring Data repository scanning in 37 ms. Found 4 JPA repository interfaces.
2023-05-20 16:15:21.271  INFO 14800 --- [restartedMain] o.s.b.w.embedded.tomcat.TomcatWebServer  : Tomcat initialized with port(s): 9080 (http)
2023-05-20 16:15:21.271  INFO 14800 --- [restartedMain] o.a.catalina.core.AprLifecycleListener   : Loaded Apache Tomcat Native library [1.2.35] using APR version [1.7.0].
2023-05-20 16:15:21.271  INFO 14800 --- [restartedMain] o.a.catalina.core.AprLifecycleListener   : APR capabilities: IPv6 [true], sendfile [true], accept filters [false], random [true], UDS [true].
2023-05-20 16:15:21.271  INFO 14800 --- [restartedMain] o.a.catalina.core.AprLifecycleListener   : APR/OpenSSL configuration: useAprConnector [false], useOpenSSL [true]
2023-05-20 16:15:21.272  INFO 14800 --- [restartedMain] o.a.catalina.core.AprLifecycleListener   : OpenSSL successfully initialized [OpenSSL 1.1.1q  5 Jul 2022]
2023-05-20 16:15:21.272  INFO 14800 --- [restartedMain] o.apache.catalina.core.StandardService   : Starting service [Tomcat]
2023-05-20 16:15:21.273  INFO 14800 --- [restartedMain] org.apache.catalina.core.StandardEngine  : Starting Servlet engine: [Apache Tomcat/9.0.74]
2023-05-20 16:15:21.382  INFO 14800 --- [restartedMain] org.apache.jasper.servlet.TldScanner     : At least one JAR was scanned for TLDs yet contained no TLDs. Enable debug logging for this logger for a complete list of JARs that were scanned but no TLDs were found in them. Skipping unneeded JARs during scanning can improve startup time and JSP compilation time.
2023-05-20 16:15:21.384  INFO 14800 --- [restartedMain] o.a.c.c.C.[.[.[/UserManagement]          : Initializing Spring embedded WebApplicationContext
2023-05-20 16:15:21.384  INFO 14800 --- [restartedMain] w.s.c.ServletWebServerApplicationContext : Root WebApplicationContext: initialization completed in 616 ms
2023-05-20 16:15:21.403  INFO 14800 --- [restartedMain] com.zaxxer.hikari.HikariDataSource       : HikariPool-5 - Starting...
2023-05-20 16:15:21.406  INFO 14800 --- [restartedMain] com.zaxxer.hikari.HikariDataSource       : HikariPool-5 - Start completed.
2023-05-20 16:15:21.406  INFO 14800 --- [restartedMain] o.s.b.a.h2.H2ConsoleAutoConfiguration    : H2 console available at '/h2-console'. Database available at 'jdbc:h2:mem:testdb'
2023-05-20 16:15:21.434  INFO 14800 --- [restartedMain] o.hibernate.jpa.internal.util.LogHelper  : HHH000204: Processing PersistenceUnitInfo [name: default]
2023-05-20 16:15:21.442  INFO 14800 --- [restartedMain] org.hibernate.dialect.Dialect            : HHH000400: Using dialect: org.hibernate.dialect.H2Dialect
2023-05-20 16:15:21.525  INFO 14800 --- [restartedMain] o.h.e.t.j.p.i.JtaPlatformInitiator       : HHH000490: Using JtaPlatform implementation: [org.hibernate.engine.transaction.jta.platform.internal.NoJtaPlatform]
2023-05-20 16:15:21.525  INFO 14800 --- [restartedMain] j.LocalContainerEntityManagerFactoryBean : Initialized JPA EntityManagerFactory for persistence unit 'default'
2023-05-20 16:15:21.817  WARN 14800 --- [restartedMain] JpaBaseConfiguration$JpaWebConfiguration : spring.jpa.open-in-view is enabled by default. Therefore, database queries may be performed during view rendering. Explicitly configure spring.jpa.open-in-view to disable this warning
2023-05-20 16:15:21.902  INFO 14800 --- [restartedMain] o.s.b.a.w.s.WelcomePageHandlerMapping    : Adding welcome page template: index
2023-05-20 16:15:21.986  INFO 14800 --- [restartedMain] o.s.b.d.a.OptionalLiveReloadServer       : LiveReload server is running on port 35729
2023-05-20 16:15:22.008  INFO 14800 --- [restartedMain] o.s.b.w.embedded.tomcat.TomcatWebServer  : Tomcat started on port(s): 9080 (http) with context path '/UserManagement'
2023-05-20 16:15:22.016  INFO 14800 --- [restartedMain] com.pky.Application                      : Started Application in 1.335 seconds (JVM running for 10576.134)
2023-05-20 16:15:22.019  INFO 14800 --- [restartedMain] .ConditionEvaluationDeltaLoggingListener : Condition evaluation unchanged
2023-05-20 16:20:44.960  INFO 14800 --- [File Watcher] rtingClassPathChangeChangedEventListener : Restarting due to 1 class path change (0 additions, 0 deletions, 1 modification)
2023-05-20 16:20:44.982  INFO 14800 --- [Thread-20] o.apache.catalina.core.StandardService   : Stopping service [Tomcat]
2023-05-20 16:20:44.989  INFO 14800 --- [Thread-20] j.LocalContainerEntityManagerFactoryBean : Closing JPA EntityManagerFactory for persistence unit 'default'
2023-05-20 16:20:44.990  INFO 14800 --- [Thread-20] .SchemaDropperImpl$DelayedDropActionImpl : HHH000477: Starting delayed evictData of schema as part of SessionFactory shut-down'
2023-05-20 16:20:45.194  WARN 14800 --- [Thread-20] o.s.b.f.support.DisposableBeanAdapter    : Invocation of destroy method failed on bean with name 'inMemoryDatabaseShutdownExecutor': org.h2.jdbc.JdbcSQLNonTransientConnectionException: Database is already closed (to disable automatic closing at VM shutdown, add ";DB_CLOSE_ON_EXIT=FALSE" to the db URL) [90121-214]
2023-05-20 16:20:45.194  INFO 14800 --- [Thread-20] com.zaxxer.hikari.HikariDataSource       : HikariPool-5 - Shutdown initiated...
2023-05-20 16:20:45.195  INFO 14800 --- [Thread-20] com.zaxxer.hikari.HikariDataSource       : HikariPool-5 - Shutdown completed.
2023-05-20 16:20:45.372  INFO 14800 --- [restartedMain] com.pky.Application                      : Starting Application using Java 15.0.2 on DESKTOP-GR23A35 with PID 14800 (E:\Prakash_workspace\ProjectByAshok\07-Sb-User-Managenent-Web-App\target\classes started by Prabhat in E:\Prakash_workspace\ProjectByAshok\07-Sb-User-Managenent-Web-App)
2023-05-20 16:20:45.372  INFO 14800 --- [restartedMain] com.pky.Application                      : No active profile set, falling back to 1 default profile: "default"
2023-05-20 16:20:45.666  INFO 14800 --- [restartedMain] .s.d.r.c.RepositoryConfigurationDelegate : Bootstrapping Spring Data JPA repositories in DEFAULT mode.
2023-05-20 16:20:45.703  INFO 14800 --- [restartedMain] .s.d.r.c.RepositoryConfigurationDelegate : Finished Spring Data repository scanning in 35 ms. Found 4 JPA repository interfaces.
2023-05-20 16:20:45.852  INFO 14800 --- [restartedMain] o.s.b.w.embedded.tomcat.TomcatWebServer  : Tomcat initialized with port(s): 9080 (http)
2023-05-20 16:20:45.852  INFO 14800 --- [restartedMain] o.a.catalina.core.AprLifecycleListener   : Loaded Apache Tomcat Native library [1.2.35] using APR version [1.7.0].
2023-05-20 16:20:45.853  INFO 14800 --- [restartedMain] o.a.catalina.core.AprLifecycleListener   : APR capabilities: IPv6 [true], sendfile [true], accept filters [false], random [true], UDS [true].
2023-05-20 16:20:45.853  INFO 14800 --- [restartedMain] o.a.catalina.core.AprLifecycleListener   : APR/OpenSSL configuration: useAprConnector [false], useOpenSSL [true]
2023-05-20 16:20:45.854  INFO 14800 --- [restartedMain] o.a.catalina.core.AprLifecycleListener   : OpenSSL successfully initialized [OpenSSL 1.1.1q  5 Jul 2022]
2023-05-20 16:20:45.855  INFO 14800 --- [restartedMain] o.apache.catalina.core.StandardService   : Starting service [Tomcat]
2023-05-20 16:20:45.856  INFO 14800 --- [restartedMain] org.apache.catalina.core.StandardEngine  : Starting Servlet engine: [Apache Tomcat/9.0.74]
2023-05-20 16:20:45.952  INFO 14800 --- [restartedMain] org.apache.jasper.servlet.TldScanner     : At least one JAR was scanned for TLDs yet contained no TLDs. Enable debug logging for this logger for a complete list of JARs that were scanned but no TLDs were found in them. Skipping unneeded JARs during scanning can improve startup time and JSP compilation time.
2023-05-20 16:20:45.955  INFO 14800 --- [restartedMain] o.a.c.c.C.[.[.[/UserManagement]          : Initializing Spring embedded WebApplicationContext
2023-05-20 16:20:45.955  INFO 14800 --- [restartedMain] w.s.c.ServletWebServerApplicationContext : Root WebApplicationContext: initialization completed in 581 ms
2023-05-20 16:20:45.977  INFO 14800 --- [restartedMain] com.zaxxer.hikari.HikariDataSource       : HikariPool-6 - Starting...
2023-05-20 16:20:45.979  INFO 14800 --- [restartedMain] com.zaxxer.hikari.HikariDataSource       : HikariPool-6 - Start completed.
2023-05-20 16:20:45.979  INFO 14800 --- [restartedMain] o.s.b.a.h2.H2ConsoleAutoConfiguration    : H2 console available at '/h2-console'. Database available at 'jdbc:h2:mem:testdb'
2023-05-20 16:20:46.009  INFO 14800 --- [restartedMain] o.hibernate.jpa.internal.util.LogHelper  : HHH000204: Processing PersistenceUnitInfo [name: default]
2023-05-20 16:20:46.019  INFO 14800 --- [restartedMain] org.hibernate.dialect.Dialect            : HHH000400: Using dialect: org.hibernate.dialect.H2Dialect
2023-05-20 16:20:46.122  INFO 14800 --- [restartedMain] o.h.e.t.j.p.i.JtaPlatformInitiator       : HHH000490: Using JtaPlatform implementation: [org.hibernate.engine.transaction.jta.platform.internal.NoJtaPlatform]
2023-05-20 16:20:46.123  INFO 14800 --- [restartedMain] j.LocalContainerEntityManagerFactoryBean : Initialized JPA EntityManagerFactory for persistence unit 'default'
2023-05-20 16:20:46.438  WARN 14800 --- [restartedMain] JpaBaseConfiguration$JpaWebConfiguration : spring.jpa.open-in-view is enabled by default. Therefore, database queries may be performed during view rendering. Explicitly configure spring.jpa.open-in-view to disable this warning
2023-05-20 16:20:46.506  INFO 14800 --- [restartedMain] o.s.b.a.w.s.WelcomePageHandlerMapping    : Adding welcome page template: index
2023-05-20 16:20:46.604  INFO 14800 --- [restartedMain] o.s.b.d.a.OptionalLiveReloadServer       : LiveReload server is running on port 35729
2023-05-20 16:20:46.625  INFO 14800 --- [restartedMain] o.s.b.w.embedded.tomcat.TomcatWebServer  : Tomcat started on port(s): 9080 (http) with context path '/UserManagement'
2023-05-20 16:20:46.631  INFO 14800 --- [restartedMain] com.pky.Application                      : Started Application in 1.327 seconds (JVM running for 10900.75)
2023-05-20 16:20:46.634  INFO 14800 --- [restartedMain] .ConditionEvaluationDeltaLoggingListener : Condition evaluation unchanged
2023-05-20 16:21:40.170  INFO 14800 --- [File Watcher] rtingClassPathChangeChangedEventListener : Restarting due to 1 class path change (0 additions, 0 deletions, 1 modification)
2023-05-20 16:21:40.186  INFO 14800 --- [Thread-24] o.apache.catalina.core.StandardService   : Stopping service [Tomcat]
2023-05-20 16:21:40.192  INFO 14800 --- [Thread-24] j.LocalContainerEntityManagerFactoryBean : Closing JPA EntityManagerFactory for persistence unit 'default'
2023-05-20 16:21:40.193  INFO 14800 --- [Thread-24] .SchemaDropperImpl$DelayedDropActionImpl : HHH000477: Starting delayed evictData of schema as part of SessionFactory shut-down'
2023-05-20 16:21:40.398  WARN 14800 --- [Thread-24] o.s.b.f.support.DisposableBeanAdapter    : Invocation of destroy method failed on bean with name 'inMemoryDatabaseShutdownExecutor': org.h2.jdbc.JdbcSQLNonTransientConnectionException: Database is already closed (to disable automatic closing at VM shutdown, add ";DB_CLOSE_ON_EXIT=FALSE" to the db URL) [90121-214]
2023-05-20 16:21:40.400  INFO 14800 --- [Thread-24] com.zaxxer.hikari.HikariDataSource       : HikariPool-6 - Shutdown initiated...
2023-05-20 16:21:40.404  INFO 14800 --- [Thread-24] com.zaxxer.hikari.HikariDataSource       : HikariPool-6 - Shutdown completed.
2023-05-20 16:21:40.707  INFO 14800 --- [restartedMain] com.pky.Application                      : Starting Application using Java 15.0.2 on DESKTOP-GR23A35 with PID 14800 (E:\Prakash_workspace\ProjectByAshok\07-Sb-User-Managenent-Web-App\target\classes started by Prabhat in E:\Prakash_workspace\ProjectByAshok\07-Sb-User-Managenent-Web-App)
2023-05-20 16:21:40.708  INFO 14800 --- [restartedMain] com.pky.Application                      : No active profile set, falling back to 1 default profile: "default"
2023-05-20 16:21:40.967  INFO 14800 --- [restartedMain] .s.d.r.c.RepositoryConfigurationDelegate : Bootstrapping Spring Data JPA repositories in DEFAULT mode.
2023-05-20 16:21:40.997  INFO 14800 --- [restartedMain] .s.d.r.c.RepositoryConfigurationDelegate : Finished Spring Data repository scanning in 28 ms. Found 4 JPA repository interfaces.
2023-05-20 16:21:41.291  INFO 14800 --- [restartedMain] o.s.b.w.embedded.tomcat.TomcatWebServer  : Tomcat initialized with port(s): 9080 (http)
2023-05-20 16:21:41.291  INFO 14800 --- [restartedMain] o.a.catalina.core.AprLifecycleListener   : Loaded Apache Tomcat Native library [1.2.35] using APR version [1.7.0].
2023-05-20 16:21:41.292  INFO 14800 --- [restartedMain] o.a.catalina.core.AprLifecycleListener   : APR capabilities: IPv6 [true], sendfile [true], accept filters [false], random [true], UDS [true].
2023-05-20 16:21:41.292  INFO 14800 --- [restartedMain] o.a.catalina.core.AprLifecycleListener   : APR/OpenSSL configuration: useAprConnector [false], useOpenSSL [true]
2023-05-20 16:21:41.292  INFO 14800 --- [restartedMain] o.a.catalina.core.AprLifecycleListener   : OpenSSL successfully initialized [OpenSSL 1.1.1q  5 Jul 2022]
2023-05-20 16:21:41.294  INFO 14800 --- [restartedMain] o.apache.catalina.core.StandardService   : Starting service [Tomcat]
2023-05-20 16:21:41.294  INFO 14800 --- [restartedMain] org.apache.catalina.core.StandardEngine  : Starting Servlet engine: [Apache Tomcat/9.0.74]
2023-05-20 16:21:41.416  INFO 14800 --- [restartedMain] org.apache.jasper.servlet.TldScanner     : At least one JAR was scanned for TLDs yet contained no TLDs. Enable debug logging for this logger for a complete list of JARs that were scanned but no TLDs were found in them. Skipping unneeded JARs during scanning can improve startup time and JSP compilation time.
2023-05-20 16:21:41.421  INFO 14800 --- [restartedMain] o.a.c.c.C.[.[.[/UserManagement]          : Initializing Spring embedded WebApplicationContext
2023-05-20 16:21:41.421  INFO 14800 --- [restartedMain] w.s.c.ServletWebServerApplicationContext : Root WebApplicationContext: initialization completed in 710 ms
2023-05-20 16:21:41.443  INFO 14800 --- [restartedMain] com.zaxxer.hikari.HikariDataSource       : HikariPool-7 - Starting...
2023-05-20 16:21:41.446  INFO 14800 --- [restartedMain] com.zaxxer.hikari.HikariDataSource       : HikariPool-7 - Start completed.
2023-05-20 16:21:41.446  INFO 14800 --- [restartedMain] o.s.b.a.h2.H2ConsoleAutoConfiguration    : H2 console available at '/h2-console'. Database available at 'jdbc:h2:mem:testdb'
2023-05-20 16:21:41.478  INFO 14800 --- [restartedMain] o.hibernate.jpa.internal.util.LogHelper  : HHH000204: Processing PersistenceUnitInfo [name: default]
2023-05-20 16:21:41.484  INFO 14800 --- [restartedMain] org.hibernate.dialect.Dialect            : HHH000400: Using dialect: org.hibernate.dialect.H2Dialect
2023-05-20 16:21:41.560  INFO 14800 --- [restartedMain] o.h.e.t.j.p.i.JtaPlatformInitiator       : HHH000490: Using JtaPlatform implementation: [org.hibernate.engine.transaction.jta.platform.internal.NoJtaPlatform]
2023-05-20 16:21:41.561  INFO 14800 --- [restartedMain] j.LocalContainerEntityManagerFactoryBean : Initialized JPA EntityManagerFactory for persistence unit 'default'
2023-05-20 16:21:41.921  WARN 14800 --- [restartedMain] JpaBaseConfiguration$JpaWebConfiguration : spring.jpa.open-in-view is enabled by default. Therefore, database queries may be performed during view rendering. Explicitly configure spring.jpa.open-in-view to disable this warning
2023-05-20 16:21:42.035  INFO 14800 --- [restartedMain] o.s.b.a.w.s.WelcomePageHandlerMapping    : Adding welcome page template: index
2023-05-20 16:21:42.139  INFO 14800 --- [restartedMain] o.s.b.d.a.OptionalLiveReloadServer       : LiveReload server is running on port 35729
2023-05-20 16:21:42.160  INFO 14800 --- [restartedMain] o.s.b.w.embedded.tomcat.TomcatWebServer  : Tomcat started on port(s): 9080 (http) with context path '/UserManagement'
2023-05-20 16:21:42.167  INFO 14800 --- [restartedMain] com.pky.Application                      : Started Application in 1.537 seconds (JVM running for 10956.286)
2023-05-20 16:21:42.168  INFO 14800 --- [restartedMain] .ConditionEvaluationDeltaLoggingListener : Condition evaluation unchanged
2023-05-20 16:24:49.637  INFO 14800 --- [File Watcher] rtingClassPathChangeChangedEventListener : Restarting due to 1 class path change (0 additions, 0 deletions, 1 modification)
2023-05-20 16:24:49.703  INFO 14800 --- [Thread-28] o.apache.catalina.core.StandardService   : Stopping service [Tomcat]
2023-05-20 16:24:49.726  INFO 14800 --- [Thread-28] j.LocalContainerEntityManagerFactoryBean : Closing JPA EntityManagerFactory for persistence unit 'default'
2023-05-20 16:24:49.727  INFO 14800 --- [Thread-28] .SchemaDropperImpl$DelayedDropActionImpl : HHH000477: Starting delayed evictData of schema as part of SessionFactory shut-down'
2023-05-20 16:24:49.939  WARN 14800 --- [Thread-28] o.s.b.f.support.DisposableBeanAdapter    : Invocation of destroy method failed on bean with name 'inMemoryDatabaseShutdownExecutor': org.h2.jdbc.JdbcSQLNonTransientConnectionException: Database is already closed (to disable automatic closing at VM shutdown, add ";DB_CLOSE_ON_EXIT=FALSE" to the db URL) [90121-214]
2023-05-20 16:24:49.942  INFO 14800 --- [Thread-28] com.zaxxer.hikari.HikariDataSource       : HikariPool-7 - Shutdown initiated...
2023-05-20 16:24:49.945  INFO 14800 --- [Thread-28] com.zaxxer.hikari.HikariDataSource       : HikariPool-7 - Shutdown completed.
2023-05-20 16:24:50.197  INFO 14800 --- [restartedMain] com.pky.Application                      : Starting Application using Java 15.0.2 on DESKTOP-GR23A35 with PID 14800 (E:\Prakash_workspace\ProjectByAshok\07-Sb-User-Managenent-Web-App\target\classes started by Prabhat in E:\Prakash_workspace\ProjectByAshok\07-Sb-User-Managenent-Web-App)
2023-05-20 16:24:50.198  INFO 14800 --- [restartedMain] com.pky.Application                      : No active profile set, falling back to 1 default profile: "default"
2023-05-20 16:24:50.460  INFO 14800 --- [restartedMain] .s.d.r.c.RepositoryConfigurationDelegate : Bootstrapping Spring Data JPA repositories in DEFAULT mode.
2023-05-20 16:24:50.488  INFO 14800 --- [restartedMain] .s.d.r.c.RepositoryConfigurationDelegate : Finished Spring Data repository scanning in 26 ms. Found 4 JPA repository interfaces.
2023-05-20 16:24:50.642  INFO 14800 --- [restartedMain] o.s.b.w.embedded.tomcat.TomcatWebServer  : Tomcat initialized with port(s): 9080 (http)
2023-05-20 16:24:50.642  INFO 14800 --- [restartedMain] o.a.catalina.core.AprLifecycleListener   : Loaded Apache Tomcat Native library [1.2.35] using APR version [1.7.0].
2023-05-20 16:24:50.642  INFO 14800 --- [restartedMain] o.a.catalina.core.AprLifecycleListener   : APR capabilities: IPv6 [true], sendfile [true], accept filters [false], random [true], UDS [true].
2023-05-20 16:24:50.642  INFO 14800 --- [restartedMain] o.a.catalina.core.AprLifecycleListener   : APR/OpenSSL configuration: useAprConnector [false], useOpenSSL [true]
2023-05-20 16:24:50.642  INFO 14800 --- [restartedMain] o.a.catalina.core.AprLifecycleListener   : OpenSSL successfully initialized [OpenSSL 1.1.1q  5 Jul 2022]
2023-05-20 16:24:50.643  INFO 14800 --- [restartedMain] o.apache.catalina.core.StandardService   : Starting service [Tomcat]
2023-05-20 16:24:50.644  INFO 14800 --- [restartedMain] org.apache.catalina.core.StandardEngine  : Starting Servlet engine: [Apache Tomcat/9.0.74]
2023-05-20 16:24:50.749  INFO 14800 --- [restartedMain] org.apache.jasper.servlet.TldScanner     : At least one JAR was scanned for TLDs yet contained no TLDs. Enable debug logging for this logger for a complete list of JARs that were scanned but no TLDs were found in them. Skipping unneeded JARs during scanning can improve startup time and JSP compilation time.
2023-05-20 16:24:50.753  INFO 14800 --- [restartedMain] o.a.c.c.C.[.[.[/UserManagement]          : Initializing Spring embedded WebApplicationContext
2023-05-20 16:24:50.753  INFO 14800 --- [restartedMain] w.s.c.ServletWebServerApplicationContext : Root WebApplicationContext: initialization completed in 553 ms
2023-05-20 16:24:50.773  INFO 14800 --- [restartedMain] com.zaxxer.hikari.HikariDataSource       : HikariPool-8 - Starting...
2023-05-20 16:24:50.776  INFO 14800 --- [restartedMain] com.zaxxer.hikari.HikariDataSource       : HikariPool-8 - Start completed.
2023-05-20 16:24:50.776  INFO 14800 --- [restartedMain] o.s.b.a.h2.H2ConsoleAutoConfiguration    : H2 console available at '/h2-console'. Database available at 'jdbc:h2:mem:testdb'
2023-05-20 16:24:50.802  INFO 14800 --- [restartedMain] o.hibernate.jpa.internal.util.LogHelper  : HHH000204: Processing PersistenceUnitInfo [name: default]
2023-05-20 16:24:50.808  INFO 14800 --- [restartedMain] org.hibernate.dialect.Dialect            : HHH000400: Using dialect: org.hibernate.dialect.H2Dialect
2023-05-20 16:24:50.890  INFO 14800 --- [restartedMain] o.h.e.t.j.p.i.JtaPlatformInitiator       : HHH000490: Using JtaPlatform implementation: [org.hibernate.engine.transaction.jta.platform.internal.NoJtaPlatform]
2023-05-20 16:24:50.891  INFO 14800 --- [restartedMain] j.LocalContainerEntityManagerFactoryBean : Initialized JPA EntityManagerFactory for persistence unit 'default'
2023-05-20 16:24:51.281  WARN 14800 --- [restartedMain] JpaBaseConfiguration$JpaWebConfiguration : spring.jpa.open-in-view is enabled by default. Therefore, database queries may be performed during view rendering. Explicitly configure spring.jpa.open-in-view to disable this warning
2023-05-20 16:24:51.341  INFO 14800 --- [restartedMain] o.s.b.a.w.s.WelcomePageHandlerMapping    : Adding welcome page template: index
2023-05-20 16:24:51.425  INFO 14800 --- [restartedMain] o.s.b.d.a.OptionalLiveReloadServer       : LiveReload server is running on port 35729
2023-05-20 16:24:51.442  INFO 14800 --- [restartedMain] o.s.b.w.embedded.tomcat.TomcatWebServer  : Tomcat started on port(s): 9080 (http) with context path '/UserManagement'
2023-05-20 16:24:51.449  INFO 14800 --- [restartedMain] com.pky.Application                      : Started Application in 1.311 seconds (JVM running for 11145.567)
2023-05-20 16:24:51.451  INFO 14800 --- [restartedMain] .ConditionEvaluationDeltaLoggingListener : Condition evaluation unchanged
2023-05-20 16:44:26.334  INFO 14800 --- [File Watcher] rtingClassPathChangeChangedEventListener : Restarting due to 1 class path change (0 additions, 0 deletions, 1 modification)
2023-05-20 16:44:26.449  INFO 14800 --- [Thread-32] o.apache.catalina.core.StandardService   : Stopping service [Tomcat]
2023-05-20 16:44:26.463  INFO 14800 --- [Thread-32] j.LocalContainerEntityManagerFactoryBean : Closing JPA EntityManagerFactory for persistence unit 'default'
2023-05-20 16:44:26.463  INFO 14800 --- [Thread-32] .SchemaDropperImpl$DelayedDropActionImpl : HHH000477: Starting delayed evictData of schema as part of SessionFactory shut-down'
2023-05-20 16:44:26.668  WARN 14800 --- [Thread-32] o.s.b.f.support.DisposableBeanAdapter    : Invocation of destroy method failed on bean with name 'inMemoryDatabaseShutdownExecutor': org.h2.jdbc.JdbcSQLNonTransientConnectionException: Database is already closed (to disable automatic closing at VM shutdown, add ";DB_CLOSE_ON_EXIT=FALSE" to the db URL) [90121-214]
2023-05-20 16:44:26.672  INFO 14800 --- [Thread-32] com.zaxxer.hikari.HikariDataSource       : HikariPool-8 - Shutdown initiated...
2023-05-20 16:44:26.675  INFO 14800 --- [Thread-32] com.zaxxer.hikari.HikariDataSource       : HikariPool-8 - Shutdown completed.
2023-05-20 16:44:26.922  INFO 14800 --- [restartedMain] com.pky.Application                      : Starting Application using Java 15.0.2 on DESKTOP-GR23A35 with PID 14800 (E:\Prakash_workspace\ProjectByAshok\07-Sb-User-Managenent-Web-App\target\classes started by Prabhat in E:\Prakash_workspace\ProjectByAshok\07-Sb-User-Managenent-Web-App)
2023-05-20 16:44:26.923  INFO 14800 --- [restartedMain] com.pky.Application                      : No active profile set, falling back to 1 default profile: "default"
2023-05-20 16:44:27.171  INFO 14800 --- [restartedMain] .s.d.r.c.RepositoryConfigurationDelegate : Bootstrapping Spring Data JPA repositories in DEFAULT mode.
2023-05-20 16:44:27.194  INFO 14800 --- [restartedMain] .s.d.r.c.RepositoryConfigurationDelegate : Finished Spring Data repository scanning in 23 ms. Found 4 JPA repository interfaces.
2023-05-20 16:44:27.360  INFO 14800 --- [restartedMain] o.s.b.w.embedded.tomcat.TomcatWebServer  : Tomcat initialized with port(s): 9080 (http)
2023-05-20 16:44:27.360  INFO 14800 --- [restartedMain] o.a.catalina.core.AprLifecycleListener   : Loaded Apache Tomcat Native library [1.2.35] using APR version [1.7.0].
2023-05-20 16:44:27.361  INFO 14800 --- [restartedMain] o.a.catalina.core.AprLifecycleListener   : APR capabilities: IPv6 [true], sendfile [true], accept filters [false], random [true], UDS [true].
2023-05-20 16:44:27.362  INFO 14800 --- [restartedMain] o.a.catalina.core.AprLifecycleListener   : APR/OpenSSL configuration: useAprConnector [false], useOpenSSL [true]
2023-05-20 16:44:27.362  INFO 14800 --- [restartedMain] o.a.catalina.core.AprLifecycleListener   : OpenSSL successfully initialized [OpenSSL 1.1.1q  5 Jul 2022]
2023-05-20 16:44:27.363  INFO 14800 --- [restartedMain] o.apache.catalina.core.StandardService   : Starting service [Tomcat]
2023-05-20 16:44:27.363  INFO 14800 --- [restartedMain] org.apache.catalina.core.StandardEngine  : Starting Servlet engine: [Apache Tomcat/9.0.74]
2023-05-20 16:44:27.471  INFO 14800 --- [restartedMain] org.apache.jasper.servlet.TldScanner     : At least one JAR was scanned for TLDs yet contained no TLDs. Enable debug logging for this logger for a complete list of JARs that were scanned but no TLDs were found in them. Skipping unneeded JARs during scanning can improve startup time and JSP compilation time.
2023-05-20 16:44:27.475  INFO 14800 --- [restartedMain] o.a.c.c.C.[.[.[/UserManagement]          : Initializing Spring embedded WebApplicationContext
2023-05-20 16:44:27.475  INFO 14800 --- [restartedMain] w.s.c.ServletWebServerApplicationContext : Root WebApplicationContext: initialization completed in 550 ms
2023-05-20 16:44:27.495  INFO 14800 --- [restartedMain] com.zaxxer.hikari.HikariDataSource       : HikariPool-9 - Starting...
2023-05-20 16:44:27.497  INFO 14800 --- [restartedMain] com.zaxxer.hikari.HikariDataSource       : HikariPool-9 - Start completed.
2023-05-20 16:44:27.497  INFO 14800 --- [restartedMain] o.s.b.a.h2.H2ConsoleAutoConfiguration    : H2 console available at '/h2-console'. Database available at 'jdbc:h2:mem:testdb'
2023-05-20 16:44:27.529  INFO 14800 --- [restartedMain] o.hibernate.jpa.internal.util.LogHelper  : HHH000204: Processing PersistenceUnitInfo [name: default]
2023-05-20 16:44:27.534  INFO 14800 --- [restartedMain] org.hibernate.dialect.Dialect            : HHH000400: Using dialect: org.hibernate.dialect.H2Dialect
2023-05-20 16:44:27.609  INFO 14800 --- [restartedMain] o.h.e.t.j.p.i.JtaPlatformInitiator       : HHH000490: Using JtaPlatform implementation: [org.hibernate.engine.transaction.jta.platform.internal.NoJtaPlatform]
2023-05-20 16:44:27.609  INFO 14800 --- [restartedMain] j.LocalContainerEntityManagerFactoryBean : Initialized JPA EntityManagerFactory for persistence unit 'default'
2023-05-20 16:44:27.857  WARN 14800 --- [restartedMain] JpaBaseConfiguration$JpaWebConfiguration : spring.jpa.open-in-view is enabled by default. Therefore, database queries may be performed during view rendering. Explicitly configure spring.jpa.open-in-view to disable this warning
2023-05-20 16:44:27.914  INFO 14800 --- [restartedMain] o.s.b.a.w.s.WelcomePageHandlerMapping    : Adding welcome page template: index
2023-05-20 16:44:28.007  INFO 14800 --- [restartedMain] o.s.b.d.a.OptionalLiveReloadServer       : LiveReload server is running on port 35729
2023-05-20 16:44:28.028  INFO 14800 --- [restartedMain] o.s.b.w.embedded.tomcat.TomcatWebServer  : Tomcat started on port(s): 9080 (http) with context path '/UserManagement'
2023-05-20 16:44:28.035  INFO 14800 --- [restartedMain] com.pky.Application                      : Started Application in 1.179 seconds (JVM running for 12322.154)
2023-05-20 16:44:28.037  INFO 14800 --- [restartedMain] .ConditionEvaluationDeltaLoggingListener : Condition evaluation unchanged
2023-05-20 16:45:08.182  INFO 14800 --- [File Watcher] rtingClassPathChangeChangedEventListener : Restarting due to 1 class path change (0 additions, 0 deletions, 1 modification)
2023-05-20 16:45:08.203  INFO 14800 --- [Thread-36] o.apache.catalina.core.StandardService   : Stopping service [Tomcat]
2023-05-20 16:45:08.218  INFO 14800 --- [Thread-36] j.LocalContainerEntityManagerFactoryBean : Closing JPA EntityManagerFactory for persistence unit 'default'
2023-05-20 16:45:08.223  INFO 14800 --- [Thread-36] .SchemaDropperImpl$DelayedDropActionImpl : HHH000477: Starting delayed evictData of schema as part of SessionFactory shut-down'
2023-05-20 16:45:08.435  WARN 14800 --- [Thread-36] o.s.b.f.support.DisposableBeanAdapter    : Invocation of destroy method failed on bean with name 'inMemoryDatabaseShutdownExecutor': org.h2.jdbc.JdbcSQLNonTransientConnectionException: Database is already closed (to disable automatic closing at VM shutdown, add ";DB_CLOSE_ON_EXIT=FALSE" to the db URL) [90121-214]
2023-05-20 16:45:08.436  INFO 14800 --- [Thread-36] com.zaxxer.hikari.HikariDataSource       : HikariPool-9 - Shutdown initiated...
2023-05-20 16:45:08.446  INFO 14800 --- [Thread-36] com.zaxxer.hikari.HikariDataSource       : HikariPool-9 - Shutdown completed.
2023-05-20 16:45:08.669  INFO 14800 --- [restartedMain] com.pky.Application                      : Starting Application using Java 15.0.2 on DESKTOP-GR23A35 with PID 14800 (E:\Prakash_workspace\ProjectByAshok\07-Sb-User-Managenent-Web-App\target\classes started by Prabhat in E:\Prakash_workspace\ProjectByAshok\07-Sb-User-Managenent-Web-App)
2023-05-20 16:45:08.670  INFO 14800 --- [restartedMain] com.pky.Application                      : No active profile set, falling back to 1 default profile: "default"
2023-05-20 16:45:08.895  INFO 14800 --- [restartedMain] .s.d.r.c.RepositoryConfigurationDelegate : Bootstrapping Spring Data JPA repositories in DEFAULT mode.
2023-05-20 16:45:08.916  INFO 14800 --- [restartedMain] .s.d.r.c.RepositoryConfigurationDelegate : Finished Spring Data repository scanning in 20 ms. Found 4 JPA repository interfaces.
2023-05-20 16:45:09.089  INFO 14800 --- [restartedMain] o.s.b.w.embedded.tomcat.TomcatWebServer  : Tomcat initialized with port(s): 9080 (http)
2023-05-20 16:45:09.089  INFO 14800 --- [restartedMain] o.a.catalina.core.AprLifecycleListener   : Loaded Apache Tomcat Native library [1.2.35] using APR version [1.7.0].
2023-05-20 16:45:09.089  INFO 14800 --- [restartedMain] o.a.catalina.core.AprLifecycleListener   : APR capabilities: IPv6 [true], sendfile [true], accept filters [false], random [true], UDS [true].
2023-05-20 16:45:09.090  INFO 14800 --- [restartedMain] o.a.catalina.core.AprLifecycleListener   : APR/OpenSSL configuration: useAprConnector [false], useOpenSSL [true]
2023-05-20 16:45:09.090  INFO 14800 --- [restartedMain] o.a.catalina.core.AprLifecycleListener   : OpenSSL successfully initialized [OpenSSL 1.1.1q  5 Jul 2022]
2023-05-20 16:45:09.091  INFO 14800 --- [restartedMain] o.apache.catalina.core.StandardService   : Starting service [Tomcat]
2023-05-20 16:45:09.091  INFO 14800 --- [restartedMain] org.apache.catalina.core.StandardEngine  : Starting Servlet engine: [Apache Tomcat/9.0.74]
2023-05-20 16:45:09.193  INFO 14800 --- [restartedMain] org.apache.jasper.servlet.TldScanner     : At least one JAR was scanned for TLDs yet contained no TLDs. Enable debug logging for this logger for a complete list of JARs that were scanned but no TLDs were found in them. Skipping unneeded JARs during scanning can improve startup time and JSP compilation time.
2023-05-20 16:45:09.195  INFO 14800 --- [restartedMain] o.a.c.c.C.[.[.[/UserManagement]          : Initializing Spring embedded WebApplicationContext
2023-05-20 16:45:09.195  INFO 14800 --- [restartedMain] w.s.c.ServletWebServerApplicationContext : Root WebApplicationContext: initialization completed in 521 ms
2023-05-20 16:45:09.214  INFO 14800 --- [restartedMain] com.zaxxer.hikari.HikariDataSource       : HikariPool-10 - Starting...
2023-05-20 16:45:09.216  INFO 14800 --- [restartedMain] com.zaxxer.hikari.HikariDataSource       : HikariPool-10 - Start completed.
2023-05-20 16:45:09.216  INFO 14800 --- [restartedMain] o.s.b.a.h2.H2ConsoleAutoConfiguration    : H2 console available at '/h2-console'. Database available at 'jdbc:h2:mem:testdb'
2023-05-20 16:45:09.247  INFO 14800 --- [restartedMain] o.hibernate.jpa.internal.util.LogHelper  : HHH000204: Processing PersistenceUnitInfo [name: default]
2023-05-20 16:45:09.254  INFO 14800 --- [restartedMain] org.hibernate.dialect.Dialect            : HHH000400: Using dialect: org.hibernate.dialect.H2Dialect
2023-05-20 16:45:09.337  INFO 14800 --- [restartedMain] o.h.e.t.j.p.i.JtaPlatformInitiator       : HHH000490: Using JtaPlatform implementation: [org.hibernate.engine.transaction.jta.platform.internal.NoJtaPlatform]
2023-05-20 16:45:09.338  INFO 14800 --- [restartedMain] j.LocalContainerEntityManagerFactoryBean : Initialized JPA EntityManagerFactory for persistence unit 'default'
2023-05-20 16:45:09.640  WARN 14800 --- [restartedMain] JpaBaseConfiguration$JpaWebConfiguration : spring.jpa.open-in-view is enabled by default. Therefore, database queries may be performed during view rendering. Explicitly configure spring.jpa.open-in-view to disable this warning
2023-05-20 16:45:09.715  INFO 14800 --- [restartedMain] o.s.b.a.w.s.WelcomePageHandlerMapping    : Adding welcome page template: index
2023-05-20 16:45:09.800  INFO 14800 --- [restartedMain] o.s.b.d.a.OptionalLiveReloadServer       : LiveReload server is running on port 35729
2023-05-20 16:45:09.823  INFO 14800 --- [restartedMain] o.s.b.w.embedded.tomcat.TomcatWebServer  : Tomcat started on port(s): 9080 (http) with context path '/UserManagement'
2023-05-20 16:45:09.829  INFO 14800 --- [restartedMain] com.pky.Application                      : Started Application in 1.232 seconds (JVM running for 12363.948)
2023-05-20 16:45:09.831  INFO 14800 --- [restartedMain] .ConditionEvaluationDeltaLoggingListener : Condition evaluation unchanged
2023-05-20 17:14:23.894  INFO 14800 --- [File Watcher] rtingClassPathChangeChangedEventListener : Restarting due to 1 class path change (0 additions, 0 deletions, 1 modification)
2023-05-20 17:14:24.006  INFO 14800 --- [Thread-40] o.apache.catalina.core.StandardService   : Stopping service [Tomcat]
2023-05-20 17:14:24.068  INFO 14800 --- [Thread-40] j.LocalContainerEntityManagerFactoryBean : Closing JPA EntityManagerFactory for persistence unit 'default'
2023-05-20 17:14:24.069  INFO 14800 --- [Thread-40] .SchemaDropperImpl$DelayedDropActionImpl : HHH000477: Starting delayed evictData of schema as part of SessionFactory shut-down'
2023-05-20 17:14:24.285  WARN 14800 --- [Thread-40] o.s.b.f.support.DisposableBeanAdapter    : Invocation of destroy method failed on bean with name 'inMemoryDatabaseShutdownExecutor': org.h2.jdbc.JdbcSQLNonTransientConnectionException: Database is already closed (to disable automatic closing at VM shutdown, add ";DB_CLOSE_ON_EXIT=FALSE" to the db URL) [90121-214]
2023-05-20 17:14:24.285  INFO 14800 --- [Thread-40] com.zaxxer.hikari.HikariDataSource       : HikariPool-10 - Shutdown initiated...
2023-05-20 17:14:24.287  INFO 14800 --- [Thread-40] com.zaxxer.hikari.HikariDataSource       : HikariPool-10 - Shutdown completed.
2023-05-20 17:14:24.455  INFO 14800 --- [restartedMain] com.pky.Application                      : Starting Application using Java 15.0.2 on DESKTOP-GR23A35 with PID 14800 (E:\Prakash_workspace\ProjectByAshok\07-Sb-User-Managenent-Web-App\target\classes started by Prabhat in E:\Prakash_workspace\ProjectByAshok\07-Sb-User-Managenent-Web-App)
2023-05-20 17:14:24.456  INFO 14800 --- [restartedMain] com.pky.Application                      : No active profile set, falling back to 1 default profile: "default"
2023-05-20 17:14:24.727  INFO 14800 --- [restartedMain] .s.d.r.c.RepositoryConfigurationDelegate : Bootstrapping Spring Data JPA repositories in DEFAULT mode.
2023-05-20 17:14:24.754  INFO 14800 --- [restartedMain] .s.d.r.c.RepositoryConfigurationDelegate : Finished Spring Data repository scanning in 26 ms. Found 4 JPA repository interfaces.
2023-05-20 17:14:24.915  INFO 14800 --- [restartedMain] o.s.b.w.embedded.tomcat.TomcatWebServer  : Tomcat initialized with port(s): 9080 (http)
2023-05-20 17:14:24.915  INFO 14800 --- [restartedMain] o.a.catalina.core.AprLifecycleListener   : Loaded Apache Tomcat Native library [1.2.35] using APR version [1.7.0].
2023-05-20 17:14:24.916  INFO 14800 --- [restartedMain] o.a.catalina.core.AprLifecycleListener   : APR capabilities: IPv6 [true], sendfile [true], accept filters [false], random [true], UDS [true].
2023-05-20 17:14:24.916  INFO 14800 --- [restartedMain] o.a.catalina.core.AprLifecycleListener   : APR/OpenSSL configuration: useAprConnector [false], useOpenSSL [true]
2023-05-20 17:14:24.916  INFO 14800 --- [restartedMain] o.a.catalina.core.AprLifecycleListener   : OpenSSL successfully initialized [OpenSSL 1.1.1q  5 Jul 2022]
2023-05-20 17:14:24.917  INFO 14800 --- [restartedMain] o.apache.catalina.core.StandardService   : Starting service [Tomcat]
2023-05-20 17:14:24.918  INFO 14800 --- [restartedMain] org.apache.catalina.core.StandardEngine  : Starting Servlet engine: [Apache Tomcat/9.0.74]
2023-05-20 17:14:25.031  INFO 14800 --- [restartedMain] org.apache.jasper.servlet.TldScanner     : At least one JAR was scanned for TLDs yet contained no TLDs. Enable debug logging for this logger for a complete list of JARs that were scanned but no TLDs were found in them. Skipping unneeded JARs during scanning can improve startup time and JSP compilation time.
2023-05-20 17:14:25.034  INFO 14800 --- [restartedMain] o.a.c.c.C.[.[.[/UserManagement]          : Initializing Spring embedded WebApplicationContext
2023-05-20 17:14:25.034  INFO 14800 --- [restartedMain] w.s.c.ServletWebServerApplicationContext : Root WebApplicationContext: initialization completed in 575 ms
2023-05-20 17:14:25.053  INFO 14800 --- [restartedMain] com.zaxxer.hikari.HikariDataSource       : HikariPool-11 - Starting...
2023-05-20 17:14:25.055  INFO 14800 --- [restartedMain] com.zaxxer.hikari.HikariDataSource       : HikariPool-11 - Start completed.
2023-05-20 17:14:25.055  INFO 14800 --- [restartedMain] o.s.b.a.h2.H2ConsoleAutoConfiguration    : H2 console available at '/h2-console'. Database available at 'jdbc:h2:mem:testdb'
2023-05-20 17:14:25.083  INFO 14800 --- [restartedMain] o.hibernate.jpa.internal.util.LogHelper  : HHH000204: Processing PersistenceUnitInfo [name: default]
2023-05-20 17:14:25.090  INFO 14800 --- [restartedMain] org.hibernate.dialect.Dialect            : HHH000400: Using dialect: org.hibernate.dialect.H2Dialect
2023-05-20 17:14:25.205  INFO 14800 --- [restartedMain] o.h.e.t.j.p.i.JtaPlatformInitiator       : HHH000490: Using JtaPlatform implementation: [org.hibernate.engine.transaction.jta.platform.internal.NoJtaPlatform]
2023-05-20 17:14:25.205  INFO 14800 --- [restartedMain] j.LocalContainerEntityManagerFactoryBean : Initialized JPA EntityManagerFactory for persistence unit 'default'
2023-05-20 17:14:25.450  WARN 14800 --- [restartedMain] JpaBaseConfiguration$JpaWebConfiguration : spring.jpa.open-in-view is enabled by default. Therefore, database queries may be performed during view rendering. Explicitly configure spring.jpa.open-in-view to disable this warning
2023-05-20 17:14:25.534  INFO 14800 --- [restartedMain] o.s.b.a.w.s.WelcomePageHandlerMapping    : Adding welcome page template: index
2023-05-20 17:14:25.623  INFO 14800 --- [restartedMain] o.s.b.d.a.OptionalLiveReloadServer       : LiveReload server is running on port 35729
2023-05-20 17:14:25.646  INFO 14800 --- [restartedMain] o.s.b.w.embedded.tomcat.TomcatWebServer  : Tomcat started on port(s): 9080 (http) with context path '/UserManagement'
2023-05-20 17:14:25.654  INFO 14800 --- [restartedMain] com.pky.Application                      : Started Application in 1.262 seconds (JVM running for 14119.773)
2023-05-20 17:14:25.656  INFO 14800 --- [restartedMain] .ConditionEvaluationDeltaLoggingListener : Condition evaluation unchanged
2023-05-20 17:19:39.226  INFO 14800 --- [File Watcher] rtingClassPathChangeChangedEventListener : Restarting due to 1 class path change (0 additions, 0 deletions, 1 modification)
2023-05-20 17:19:39.342  INFO 14800 --- [Thread-44] o.apache.catalina.core.StandardService   : Stopping service [Tomcat]
2023-05-20 17:19:39.379  INFO 14800 --- [Thread-44] j.LocalContainerEntityManagerFactoryBean : Closing JPA EntityManagerFactory for persistence unit 'default'
2023-05-20 17:19:39.381  INFO 14800 --- [Thread-44] .SchemaDropperImpl$DelayedDropActionImpl : HHH000477: Starting delayed evictData of schema as part of SessionFactory shut-down'
2023-05-20 17:19:39.592  WARN 14800 --- [Thread-44] o.s.b.f.support.DisposableBeanAdapter    : Invocation of destroy method failed on bean with name 'inMemoryDatabaseShutdownExecutor': org.h2.jdbc.JdbcSQLNonTransientConnectionException: Database is already closed (to disable automatic closing at VM shutdown, add ";DB_CLOSE_ON_EXIT=FALSE" to the db URL) [90121-214]
2023-05-20 17:19:39.594  INFO 14800 --- [Thread-44] com.zaxxer.hikari.HikariDataSource       : HikariPool-11 - Shutdown initiated...
2023-05-20 17:19:39.599  INFO 14800 --- [Thread-44] com.zaxxer.hikari.HikariDataSource       : HikariPool-11 - Shutdown completed.
2023-05-20 17:19:39.831  INFO 14800 --- [restartedMain] com.pky.Application                      : Starting Application using Java 15.0.2 on DESKTOP-GR23A35 with PID 14800 (E:\Prakash_workspace\ProjectByAshok\07-Sb-User-Managenent-Web-App\target\classes started by Prabhat in E:\Prakash_workspace\ProjectByAshok\07-Sb-User-Managenent-Web-App)
2023-05-20 17:19:39.832  INFO 14800 --- [restartedMain] com.pky.Application                      : No active profile set, falling back to 1 default profile: "default"
2023-05-20 17:19:40.074  INFO 14800 --- [restartedMain] .s.d.r.c.RepositoryConfigurationDelegate : Bootstrapping Spring Data JPA repositories in DEFAULT mode.
2023-05-20 17:19:40.098  INFO 14800 --- [restartedMain] .s.d.r.c.RepositoryConfigurationDelegate : Finished Spring Data repository scanning in 25 ms. Found 4 JPA repository interfaces.
2023-05-20 17:19:40.261  INFO 14800 --- [restartedMain] o.s.b.w.embedded.tomcat.TomcatWebServer  : Tomcat initialized with port(s): 9080 (http)
2023-05-20 17:19:40.262  INFO 14800 --- [restartedMain] o.a.catalina.core.AprLifecycleListener   : Loaded Apache Tomcat Native library [1.2.35] using APR version [1.7.0].
2023-05-20 17:19:40.262  INFO 14800 --- [restartedMain] o.a.catalina.core.AprLifecycleListener   : APR capabilities: IPv6 [true], sendfile [true], accept filters [false], random [true], UDS [true].
2023-05-20 17:19:40.262  INFO 14800 --- [restartedMain] o.a.catalina.core.AprLifecycleListener   : APR/OpenSSL configuration: useAprConnector [false], useOpenSSL [true]
2023-05-20 17:19:40.262  INFO 14800 --- [restartedMain] o.a.catalina.core.AprLifecycleListener   : OpenSSL successfully initialized [OpenSSL 1.1.1q  5 Jul 2022]
2023-05-20 17:19:40.263  INFO 14800 --- [restartedMain] o.apache.catalina.core.StandardService   : Starting service [Tomcat]
2023-05-20 17:19:40.263  INFO 14800 --- [restartedMain] org.apache.catalina.core.StandardEngine  : Starting Servlet engine: [Apache Tomcat/9.0.74]
2023-05-20 17:19:40.389  INFO 14800 --- [restartedMain] org.apache.jasper.servlet.TldScanner     : At least one JAR was scanned for TLDs yet contained no TLDs. Enable debug logging for this logger for a complete list of JARs that were scanned but no TLDs were found in them. Skipping unneeded JARs during scanning can improve startup time and JSP compilation time.
2023-05-20 17:19:40.393  INFO 14800 --- [restartedMain] o.a.c.c.C.[.[.[/UserManagement]          : Initializing Spring embedded WebApplicationContext
2023-05-20 17:19:40.393  INFO 14800 --- [restartedMain] w.s.c.ServletWebServerApplicationContext : Root WebApplicationContext: initialization completed in 559 ms
2023-05-20 17:19:40.413  INFO 14800 --- [restartedMain] com.zaxxer.hikari.HikariDataSource       : HikariPool-12 - Starting...
2023-05-20 17:19:40.415  INFO 14800 --- [restartedMain] com.zaxxer.hikari.HikariDataSource       : HikariPool-12 - Start completed.
2023-05-20 17:19:40.415  INFO 14800 --- [restartedMain] o.s.b.a.h2.H2ConsoleAutoConfiguration    : H2 console available at '/h2-console'. Database available at 'jdbc:h2:mem:testdb'
2023-05-20 17:19:40.440  INFO 14800 --- [restartedMain] o.hibernate.jpa.internal.util.LogHelper  : HHH000204: Processing PersistenceUnitInfo [name: default]
2023-05-20 17:19:40.445  INFO 14800 --- [restartedMain] org.hibernate.dialect.Dialect            : HHH000400: Using dialect: org.hibernate.dialect.H2Dialect
2023-05-20 17:19:40.511  INFO 14800 --- [restartedMain] o.h.e.t.j.p.i.JtaPlatformInitiator       : HHH000490: Using JtaPlatform implementation: [org.hibernate.engine.transaction.jta.platform.internal.NoJtaPlatform]
2023-05-20 17:19:40.512  INFO 14800 --- [restartedMain] j.LocalContainerEntityManagerFactoryBean : Initialized JPA EntityManagerFactory for persistence unit 'default'
2023-05-20 17:19:40.713  WARN 14800 --- [restartedMain] JpaBaseConfiguration$JpaWebConfiguration : spring.jpa.open-in-view is enabled by default. Therefore, database queries may be performed during view rendering. Explicitly configure spring.jpa.open-in-view to disable this warning
2023-05-20 17:19:40.778  INFO 14800 --- [restartedMain] o.s.b.a.w.s.WelcomePageHandlerMapping    : Adding welcome page template: index
2023-05-20 17:19:40.982  INFO 14800 --- [restartedMain] o.s.b.d.a.OptionalLiveReloadServer       : LiveReload server is running on port 35729
2023-05-20 17:19:41.006  INFO 14800 --- [restartedMain] o.s.b.w.embedded.tomcat.TomcatWebServer  : Tomcat started on port(s): 9080 (http) with context path '/UserManagement'
2023-05-20 17:19:41.017  INFO 14800 --- [restartedMain] com.pky.Application                      : Started Application in 1.245 seconds (JVM running for 14435.135)
2023-05-20 17:19:41.018  INFO 14800 --- [restartedMain] .ConditionEvaluationDeltaLoggingListener : Condition evaluation unchanged
2023-05-20 17:22:45.091  INFO 14800 --- [File Watcher] rtingClassPathChangeChangedEventListener : Restarting due to 1 class path change (0 additions, 0 deletions, 1 modification)
2023-05-20 17:22:45.114  INFO 14800 --- [Thread-48] o.apache.catalina.core.StandardService   : Stopping service [Tomcat]
2023-05-20 17:22:45.120  INFO 14800 --- [Thread-48] j.LocalContainerEntityManagerFactoryBean : Closing JPA EntityManagerFactory for persistence unit 'default'
2023-05-20 17:22:45.121  INFO 14800 --- [Thread-48] .SchemaDropperImpl$DelayedDropActionImpl : HHH000477: Starting delayed evictData of schema as part of SessionFactory shut-down'
2023-05-20 17:22:45.323  WARN 14800 --- [Thread-48] o.s.b.f.support.DisposableBeanAdapter    : Invocation of destroy method failed on bean with name 'inMemoryDatabaseShutdownExecutor': org.h2.jdbc.JdbcSQLNonTransientConnectionException: Database is already closed (to disable automatic closing at VM shutdown, add ";DB_CLOSE_ON_EXIT=FALSE" to the db URL) [90121-214]
2023-05-20 17:22:45.323  INFO 14800 --- [Thread-48] com.zaxxer.hikari.HikariDataSource       : HikariPool-12 - Shutdown initiated...
2023-05-20 17:22:45.324  INFO 14800 --- [Thread-48] com.zaxxer.hikari.HikariDataSource       : HikariPool-12 - Shutdown completed.
2023-05-20 17:22:45.514  INFO 14800 --- [restartedMain] com.pky.Application                      : Starting Application using Java 15.0.2 on DESKTOP-GR23A35 with PID 14800 (E:\Prakash_workspace\ProjectByAshok\07-Sb-User-Managenent-Web-App\target\classes started by Prabhat in E:\Prakash_workspace\ProjectByAshok\07-Sb-User-Managenent-Web-App)
2023-05-20 17:22:45.515  INFO 14800 --- [restartedMain] com.pky.Application                      : No active profile set, falling back to 1 default profile: "default"
2023-05-20 17:22:45.823  INFO 14800 --- [restartedMain] .s.d.r.c.RepositoryConfigurationDelegate : Bootstrapping Spring Data JPA repositories in DEFAULT mode.
2023-05-20 17:22:45.857  INFO 14800 --- [restartedMain] .s.d.r.c.RepositoryConfigurationDelegate : Finished Spring Data repository scanning in 33 ms. Found 4 JPA repository interfaces.
2023-05-20 17:22:46.039  INFO 14800 --- [restartedMain] o.s.b.w.embedded.tomcat.TomcatWebServer  : Tomcat initialized with port(s): 9080 (http)
2023-05-20 17:22:46.039  INFO 14800 --- [restartedMain] o.a.catalina.core.AprLifecycleListener   : Loaded Apache Tomcat Native library [1.2.35] using APR version [1.7.0].
2023-05-20 17:22:46.039  INFO 14800 --- [restartedMain] o.a.catalina.core.AprLifecycleListener   : APR capabilities: IPv6 [true], sendfile [true], accept filters [false], random [true], UDS [true].
2023-05-20 17:22:46.040  INFO 14800 --- [restartedMain] o.a.catalina.core.AprLifecycleListener   : APR/OpenSSL configuration: useAprConnector [false], useOpenSSL [true]
2023-05-20 17:22:46.040  INFO 14800 --- [restartedMain] o.a.catalina.core.AprLifecycleListener   : OpenSSL successfully initialized [OpenSSL 1.1.1q  5 Jul 2022]
2023-05-20 17:22:46.041  INFO 14800 --- [restartedMain] o.apache.catalina.core.StandardService   : Starting service [Tomcat]
2023-05-20 17:22:46.041  INFO 14800 --- [restartedMain] org.apache.catalina.core.StandardEngine  : Starting Servlet engine: [Apache Tomcat/9.0.74]
2023-05-20 17:22:46.163  INFO 14800 --- [restartedMain] org.apache.jasper.servlet.TldScanner     : At least one JAR was scanned for TLDs yet contained no TLDs. Enable debug logging for this logger for a complete list of JARs that were scanned but no TLDs were found in them. Skipping unneeded JARs during scanning can improve startup time and JSP compilation time.
2023-05-20 17:22:46.166  INFO 14800 --- [restartedMain] o.a.c.c.C.[.[.[/UserManagement]          : Initializing Spring embedded WebApplicationContext
2023-05-20 17:22:46.166  INFO 14800 --- [restartedMain] w.s.c.ServletWebServerApplicationContext : Root WebApplicationContext: initialization completed in 648 ms
2023-05-20 17:22:46.192  INFO 14800 --- [restartedMain] com.zaxxer.hikari.HikariDataSource       : HikariPool-13 - Starting...
2023-05-20 17:22:46.195  INFO 14800 --- [restartedMain] com.zaxxer.hikari.HikariDataSource       : HikariPool-13 - Start completed.
2023-05-20 17:22:46.195  INFO 14800 --- [restartedMain] o.s.b.a.h2.H2ConsoleAutoConfiguration    : H2 console available at '/h2-console'. Database available at 'jdbc:h2:mem:testdb'
2023-05-20 17:22:46.233  INFO 14800 --- [restartedMain] o.hibernate.jpa.internal.util.LogHelper  : HHH000204: Processing PersistenceUnitInfo [name: default]
2023-05-20 17:22:46.240  INFO 14800 --- [restartedMain] org.hibernate.dialect.Dialect            : HHH000400: Using dialect: org.hibernate.dialect.H2Dialect
2023-05-20 17:22:46.322  INFO 14800 --- [restartedMain] o.h.e.t.j.p.i.JtaPlatformInitiator       : HHH000490: Using JtaPlatform implementation: [org.hibernate.engine.transaction.jta.platform.internal.NoJtaPlatform]
2023-05-20 17:22:46.323  INFO 14800 --- [restartedMain] j.LocalContainerEntityManagerFactoryBean : Initialized JPA EntityManagerFactory for persistence unit 'default'
2023-05-20 17:22:46.562  WARN 14800 --- [restartedMain] JpaBaseConfiguration$JpaWebConfiguration : spring.jpa.open-in-view is enabled by default. Therefore, database queries may be performed during view rendering. Explicitly configure spring.jpa.open-in-view to disable this warning
2023-05-20 17:22:46.624  INFO 14800 --- [restartedMain] o.s.b.a.w.s.WelcomePageHandlerMapping    : Adding welcome page template: index
2023-05-20 17:22:46.702  INFO 14800 --- [restartedMain] o.s.b.d.a.OptionalLiveReloadServer       : LiveReload server is running on port 35729
2023-05-20 17:22:46.722  INFO 14800 --- [restartedMain] o.s.b.w.embedded.tomcat.TomcatWebServer  : Tomcat started on port(s): 9080 (http) with context path '/UserManagement'
2023-05-20 17:22:46.728  INFO 14800 --- [restartedMain] com.pky.Application                      : Started Application in 1.285 seconds (JVM running for 14620.847)
2023-05-20 17:22:46.730  INFO 14800 --- [restartedMain] .ConditionEvaluationDeltaLoggingListener : Condition evaluation unchanged
2023-05-20 17:22:49.164  INFO 14800 --- [File Watcher] rtingClassPathChangeChangedEventListener : Restarting due to 1 class path change (0 additions, 0 deletions, 1 modification)
2023-05-20 17:22:49.225  INFO 14800 --- [Thread-52] o.apache.catalina.core.StandardService   : Stopping service [Tomcat]
2023-05-20 17:22:49.245  INFO 14800 --- [Thread-52] j.LocalContainerEntityManagerFactoryBean : Closing JPA EntityManagerFactory for persistence unit 'default'
2023-05-20 17:22:49.245  INFO 14800 --- [Thread-52] .SchemaDropperImpl$DelayedDropActionImpl : HHH000477: Starting delayed evictData of schema as part of SessionFactory shut-down'
2023-05-20 17:22:49.452  WARN 14800 --- [Thread-52] o.s.b.f.support.DisposableBeanAdapter    : Invocation of destroy method failed on bean with name 'inMemoryDatabaseShutdownExecutor': org.h2.jdbc.JdbcSQLNonTransientConnectionException: Database is already closed (to disable automatic closing at VM shutdown, add ";DB_CLOSE_ON_EXIT=FALSE" to the db URL) [90121-214]
2023-05-20 17:22:49.454  INFO 14800 --- [Thread-52] com.zaxxer.hikari.HikariDataSource       : HikariPool-13 - Shutdown initiated...
2023-05-20 17:22:49.461  INFO 14800 --- [Thread-52] com.zaxxer.hikari.HikariDataSource       : HikariPool-13 - Shutdown completed.
2023-05-20 17:22:49.657  INFO 14800 --- [restartedMain] com.pky.Application                      : Starting Application using Java 15.0.2 on DESKTOP-GR23A35 with PID 14800 (E:\Prakash_workspace\ProjectByAshok\07-Sb-User-Managenent-Web-App\target\classes started by Prabhat in E:\Prakash_workspace\ProjectByAshok\07-Sb-User-Managenent-Web-App)
2023-05-20 17:22:49.658  INFO 14800 --- [restartedMain] com.pky.Application                      : No active profile set, falling back to 1 default profile: "default"
2023-05-20 17:22:49.919  INFO 14800 --- [restartedMain] .s.d.r.c.RepositoryConfigurationDelegate : Bootstrapping Spring Data JPA repositories in DEFAULT mode.
2023-05-20 17:22:49.939  INFO 14800 --- [restartedMain] .s.d.r.c.RepositoryConfigurationDelegate : Finished Spring Data repository scanning in 19 ms. Found 4 JPA repository interfaces.
2023-05-20 17:22:50.079  INFO 14800 --- [restartedMain] o.s.b.w.embedded.tomcat.TomcatWebServer  : Tomcat initialized with port(s): 9080 (http)
2023-05-20 17:22:50.079  INFO 14800 --- [restartedMain] o.a.catalina.core.AprLifecycleListener   : Loaded Apache Tomcat Native library [1.2.35] using APR version [1.7.0].
2023-05-20 17:22:50.079  INFO 14800 --- [restartedMain] o.a.catalina.core.AprLifecycleListener   : APR capabilities: IPv6 [true], sendfile [true], accept filters [false], random [true], UDS [true].
2023-05-20 17:22:50.080  INFO 14800 --- [restartedMain] o.a.catalina.core.AprLifecycleListener   : APR/OpenSSL configuration: useAprConnector [false], useOpenSSL [true]
2023-05-20 17:22:50.080  INFO 14800 --- [restartedMain] o.a.catalina.core.AprLifecycleListener   : OpenSSL successfully initialized [OpenSSL 1.1.1q  5 Jul 2022]
2023-05-20 17:22:50.081  INFO 14800 --- [restartedMain] o.apache.catalina.core.StandardService   : Starting service [Tomcat]
2023-05-20 17:22:50.081  INFO 14800 --- [restartedMain] org.apache.catalina.core.StandardEngine  : Starting Servlet engine: [Apache Tomcat/9.0.74]
2023-05-20 17:22:50.179  INFO 14800 --- [restartedMain] org.apache.jasper.servlet.TldScanner     : At least one JAR was scanned for TLDs yet contained no TLDs. Enable debug logging for this logger for a complete list of JARs that were scanned but no TLDs were found in them. Skipping unneeded JARs during scanning can improve startup time and JSP compilation time.
2023-05-20 17:22:50.183  INFO 14800 --- [restartedMain] o.a.c.c.C.[.[.[/UserManagement]          : Initializing Spring embedded WebApplicationContext
2023-05-20 17:22:50.183  INFO 14800 --- [restartedMain] w.s.c.ServletWebServerApplicationContext : Root WebApplicationContext: initialization completed in 521 ms
2023-05-20 17:22:50.203  INFO 14800 --- [restartedMain] com.zaxxer.hikari.HikariDataSource       : HikariPool-14 - Starting...
2023-05-20 17:22:50.206  INFO 14800 --- [restartedMain] com.zaxxer.hikari.HikariDataSource       : HikariPool-14 - Start completed.
2023-05-20 17:22:50.206  INFO 14800 --- [restartedMain] o.s.b.a.h2.H2ConsoleAutoConfiguration    : H2 console available at '/h2-console'. Database available at 'jdbc:h2:mem:testdb'
2023-05-20 17:22:50.235  INFO 14800 --- [restartedMain] o.hibernate.jpa.internal.util.LogHelper  : HHH000204: Processing PersistenceUnitInfo [name: default]
2023-05-20 17:22:50.240  INFO 14800 --- [restartedMain] org.hibernate.dialect.Dialect            : HHH000400: Using dialect: org.hibernate.dialect.H2Dialect
2023-05-20 17:22:50.303  INFO 14800 --- [restartedMain] o.h.e.t.j.p.i.JtaPlatformInitiator       : HHH000490: Using JtaPlatform implementation: [org.hibernate.engine.transaction.jta.platform.internal.NoJtaPlatform]
2023-05-20 17:22:50.304  INFO 14800 --- [restartedMain] j.LocalContainerEntityManagerFactoryBean : Initialized JPA EntityManagerFactory for persistence unit 'default'
2023-05-20 17:22:50.522  WARN 14800 --- [restartedMain] JpaBaseConfiguration$JpaWebConfiguration : spring.jpa.open-in-view is enabled by default. Therefore, database queries may be performed during view rendering. Explicitly configure spring.jpa.open-in-view to disable this warning
2023-05-20 17:22:50.575  INFO 14800 --- [restartedMain] o.s.b.a.w.s.WelcomePageHandlerMapping    : Adding welcome page template: index
2023-05-20 17:22:50.658  INFO 14800 --- [restartedMain] o.s.b.d.a.OptionalLiveReloadServer       : LiveReload server is running on port 35729
2023-05-20 17:22:50.676  INFO 14800 --- [restartedMain] o.s.b.w.embedded.tomcat.TomcatWebServer  : Tomcat started on port(s): 9080 (http) with context path '/UserManagement'
2023-05-20 17:22:50.682  INFO 14800 --- [restartedMain] com.pky.Application                      : Started Application in 1.075 seconds (JVM running for 14624.801)
2023-05-20 17:22:50.683  INFO 14800 --- [restartedMain] .ConditionEvaluationDeltaLoggingListener : Condition evaluation unchanged
